<?xml version="1.0" encoding="UTF-8"?>
<!-- Generated by org.testng.reporters.JUnitReportReporter -->
<testsuite skipped="0" hostname="LAPTOP-YOURSY" name="com.tt.tests.TestDemo1" tests="3" failures="0" timestamp="14 十二月 2017 09:56:51 GMT" time="0.009" errors="0">
  <testcase name="muTestfunc" time="0.002" classname="com.tt.tests.TestDemo1"/>
  <testcase name="miTestfunc" time="0.002" classname="com.tt.tests.TestDemo1"/>
  <testcase name="myTestfunc" time="0.005" classname="com.tt.tests.TestDemo1"/>
</testsuite> <!-- com.tt.tests.TestDemo1 -->
