<?xml version="1.0" encoding="UTF-8"?>
<!-- Generated by org.testng.reporters.JUnitReportReporter -->
<testsuite skipped="0" hostname="LAPTOP-YOURSY" name="com.tt.tests.TestDemo2" tests="3" failures="0" timestamp="14 十二月 2017 09:56:51 GMT" time="0.012" errors="0">
  <testcase name="miTestfunc23" time="0.002" classname="com.tt.tests.TestDemo2"/>
  <testcase name="muTestfunc22" time="0.004" classname="com.tt.tests.TestDemo2"/>
  <testcase name="myTestfunc21" time="0.006" classname="com.tt.tests.TestDemo2"/>
</testsuite> <!-- com.tt.tests.TestDemo2 -->
