<?xml version="1.0" encoding="UTF-8"?>
<!-- Generated by org.testng.reporters.JUnitReportReporter -->
<testsuite skipped="0" hostname="LAPTOP-YOURSY" name="com.tt.tests.TestDemo3" tests="3" failures="0" timestamp="14 十二月 2017 09:56:51 GMT" time="0.003" errors="0">
  <testcase name="muTestfunc32" time="0.002" classname="com.tt.tests.TestDemo3"/>
  <testcase name="myTestfunc31" time="0.000" classname="com.tt.tests.TestDemo3"/>
  <testcase name="miTestfunc33" time="0.001" classname="com.tt.tests.TestDemo3"/>
</testsuite> <!-- com.tt.tests.TestDemo3 -->
