<?xml version="1.0" encoding="UTF-8"?>
<!-- Generated by org.testng.reporters.JUnitReportReporter -->
<testsuite skipped="0" hostname="LAPTOP-YOURSY" name="com.tt.ecshop.tests.RegiesTest" tests="1" failures="0" timestamp="13 一月 2018 09:33:12 GMT" time="29.947" errors="0">
  <testcase name="Regiestsucces" time="29.947" classname="com.tt.ecshop.tests.RegiesTest"/>
</testsuite> <!-- com.tt.ecshop.tests.RegiesTest -->
