<?xml version="1.0" encoding="UTF-8"?>
<!-- Generated by org.testng.reporters.JUnitReportReporter -->
<testsuite skipped="0" hostname="LAPTOP-YOURSY" name="com.tt.tests.TestDemo4" tests="3" failures="0" timestamp="14 十二月 2017 09:56:51 GMT" time="0.003" errors="0">
  <testcase name="myTestfunc41" time="0.001" classname="com.tt.tests.TestDemo4"/>
  <testcase name="muTestfunc42" time="0.001" classname="com.tt.tests.TestDemo4"/>
  <testcase name="miTestfunc43" time="0.001" classname="com.tt.tests.TestDemo4"/>
</testsuite> <!-- com.tt.tests.TestDemo4 -->
