<?xml version="1.0" encoding="UTF-8"?>
<!-- Generated by org.testng.reporters.JUnitReportReporter -->
<testsuite skipped="0" hostname="LAPTOP-YOURSY" name="com.tt.tests.PerformanceTest" tests="50" failures="0" timestamp="14 十二月 2017 10:25:15 GMT" time="71.271" errors="0">
  <testcase name="push51Testing" time="1.236" classname="com.tt.tests.PerformanceTest"/>
  <testcase name="push51Testing" time="1.350" classname="com.tt.tests.PerformanceTest"/>
  <testcase name="push51Testing" time="1.389" classname="com.tt.tests.PerformanceTest"/>
  <testcase name="push51Testing" time="1.470" classname="com.tt.tests.PerformanceTest"/>
  <testcase name="push51Testing" time="1.842" classname="com.tt.tests.PerformanceTest"/>
  <testcase name="push51Testing" time="1.380" classname="com.tt.tests.PerformanceTest"/>
  <testcase name="push51Testing" time="1.384" classname="com.tt.tests.PerformanceTest"/>
  <testcase name="push51Testing" time="1.318" classname="com.tt.tests.PerformanceTest"/>
  <testcase name="push51Testing" time="1.470" classname="com.tt.tests.PerformanceTest"/>
  <testcase name="push51Testing" time="1.755" classname="com.tt.tests.PerformanceTest"/>
  <testcase name="push51Testing" time="1.416" classname="com.tt.tests.PerformanceTest"/>
  <testcase name="push51Testing" time="1.364" classname="com.tt.tests.PerformanceTest"/>
  <testcase name="push51Testing" time="1.478" classname="com.tt.tests.PerformanceTest"/>
  <testcase name="push51Testing" time="1.459" classname="com.tt.tests.PerformanceTest"/>
  <testcase name="push51Testing" time="1.471" classname="com.tt.tests.PerformanceTest"/>
  <testcase name="push51Testing" time="1.291" classname="com.tt.tests.PerformanceTest"/>
  <testcase name="push51Testing" time="1.810" classname="com.tt.tests.PerformanceTest"/>
  <testcase name="push51Testing" time="1.380" classname="com.tt.tests.PerformanceTest"/>
  <testcase name="push51Testing" time="1.416" classname="com.tt.tests.PerformanceTest"/>
  <testcase name="push51Testing" time="1.334" classname="com.tt.tests.PerformanceTest"/>
  <testcase name="push51Testing" time="1.340" classname="com.tt.tests.PerformanceTest"/>
  <testcase name="push51Testing" time="1.106" classname="com.tt.tests.PerformanceTest"/>
  <testcase name="push51Testing" time="1.344" classname="com.tt.tests.PerformanceTest"/>
  <testcase name="push51Testing" time="1.387" classname="com.tt.tests.PerformanceTest"/>
  <testcase name="push51Testing" time="1.249" classname="com.tt.tests.PerformanceTest"/>
  <testcase name="push51Testing" time="1.173" classname="com.tt.tests.PerformanceTest"/>
  <testcase name="push51Testing" time="1.472" classname="com.tt.tests.PerformanceTest"/>
  <testcase name="push51Testing" time="1.468" classname="com.tt.tests.PerformanceTest"/>
  <testcase name="push51Testing" time="1.512" classname="com.tt.tests.PerformanceTest"/>
  <testcase name="push51Testing" time="1.345" classname="com.tt.tests.PerformanceTest"/>
  <testcase name="push51Testing" time="1.355" classname="com.tt.tests.PerformanceTest"/>
  <testcase name="push51Testing" time="1.825" classname="com.tt.tests.PerformanceTest"/>
  <testcase name="push51Testing" time="1.454" classname="com.tt.tests.PerformanceTest"/>
  <testcase name="push51Testing" time="1.459" classname="com.tt.tests.PerformanceTest"/>
  <testcase name="push51Testing" time="1.467" classname="com.tt.tests.PerformanceTest"/>
  <testcase name="push51Testing" time="1.516" classname="com.tt.tests.PerformanceTest"/>
  <testcase name="push51Testing" time="1.380" classname="com.tt.tests.PerformanceTest"/>
  <testcase name="push51Testing" time="1.461" classname="com.tt.tests.PerformanceTest"/>
  <testcase name="push51Testing" time="1.276" classname="com.tt.tests.PerformanceTest"/>
  <testcase name="push51Testing" time="1.367" classname="com.tt.tests.PerformanceTest"/>
  <testcase name="push51Testing" time="1.821" classname="com.tt.tests.PerformanceTest"/>
  <testcase name="push51Testing" time="1.303" classname="com.tt.tests.PerformanceTest"/>
  <testcase name="push51Testing" time="1.223" classname="com.tt.tests.PerformanceTest"/>
  <testcase name="push51Testing" time="1.325" classname="com.tt.tests.PerformanceTest"/>
  <testcase name="push51Testing" time="1.449" classname="com.tt.tests.PerformanceTest"/>
  <testcase name="push51Testing" time="1.348" classname="com.tt.tests.PerformanceTest"/>
  <testcase name="push51Testing" time="1.382" classname="com.tt.tests.PerformanceTest"/>
  <testcase name="push51Testing" time="1.379" classname="com.tt.tests.PerformanceTest"/>
  <testcase name="push51Testing" time="1.212" classname="com.tt.tests.PerformanceTest"/>
  <testcase name="push51Testing" time="1.860" classname="com.tt.tests.PerformanceTest"/>
</testsuite> <!-- com.tt.tests.PerformanceTest -->
