<?xml version="1.0" encoding="UTF-8"?>
<!-- Generated by org.testng.reporters.JUnitReportReporter -->
<testsuite skipped="0" hostname="LAPTOP-YOURSY" name="com.tt.tests.ParameterTest" tests="1" failures="0" timestamp="14 十二月 2017 10:51:03 GMT" time="0.016" errors="0">
  <testcase name="testp" time="0.016" classname="com.tt.tests.ParameterTest"/>
</testsuite> <!-- com.tt.tests.ParameterTest -->
